0 info it worked if it ends with ok
1 verbose cli [ 'C:\\Program Files\\nodejs\\node.exe',
1 verbose cli   'C:\\Program Files\\nodejs\\node_modules\\npm\\bin\\npm-cli.js',
1 verbose cli   'run',
1 verbose cli   'claudia:create' ]
2 info using npm@3.10.9
3 info using node@v6.9.2
4 verbose run-script [ 'preclaudia:create', 'claudia:create', 'postclaudia:create' ]
5 info lifecycle test-aws-lambda-s3@1.0.0~preclaudia:create: test-aws-lambda-s3@1.0.0
6 silly lifecycle test-aws-lambda-s3@1.0.0~preclaudia:create: no script for preclaudia:create, continuing
7 info lifecycle test-aws-lambda-s3@1.0.0~claudia:create: test-aws-lambda-s3@1.0.0
8 verbose lifecycle test-aws-lambda-s3@1.0.0~claudia:create: unsafe-perm in lifecycle true
9 verbose lifecycle test-aws-lambda-s3@1.0.0~claudia:create: PATH: C:\Program Files\nodejs\node_modules\npm\bin\node-gyp-bin;D:\work\task\Test\aws-lambda-s3\aws-lambda-s3\node_modules\.bin;C:\Windows\system32;C:\Windows;C:\Windows\System32\Wbem;C:\Windows\System32\WindowsPowerShell\v1.0\;C:\Program Files (x86)\Skype\Phone\;C:\Program Files\TortoiseGit\bin;C:\Program Files\Git\cmd;C:\Program Files\nodejs\;C:\Program Files (x86)\Amazon\AWSCLI\;C:\Users\Aimo\AppData\Roaming\npm;C:\Program Files (x86)\Microsoft VS Code\bin;C:\Program Files\Heroku\bin;
10 verbose lifecycle test-aws-lambda-s3@1.0.0~claudia:create: CWD: D:\work\task\Test\aws-lambda-s3\aws-lambda-s3
11 silly lifecycle test-aws-lambda-s3@1.0.0~claudia:create: Args: [ '/d /s /c',
11 silly lifecycle   'claudia create --name test-aws-lambda-s3 --region us-east-1 --api-module app --profile default' ]
12 silly lifecycle test-aws-lambda-s3@1.0.0~claudia:create: Returned: code: 1  signal: null
13 info lifecycle test-aws-lambda-s3@1.0.0~claudia:create: Failed to exec claudia:create script
14 verbose stack Error: test-aws-lambda-s3@1.0.0 claudia:create: `claudia create --name test-aws-lambda-s3 --region us-east-1 --api-module app --profile default`
14 verbose stack Exit status 1
14 verbose stack     at EventEmitter.<anonymous> (C:\Program Files\nodejs\node_modules\npm\lib\utils\lifecycle.js:255:16)
14 verbose stack     at emitTwo (events.js:106:13)
14 verbose stack     at EventEmitter.emit (events.js:191:7)
14 verbose stack     at ChildProcess.<anonymous> (C:\Program Files\nodejs\node_modules\npm\lib\utils\spawn.js:40:14)
14 verbose stack     at emitTwo (events.js:106:13)
14 verbose stack     at ChildProcess.emit (events.js:191:7)
14 verbose stack     at maybeClose (internal/child_process.js:877:16)
14 verbose stack     at Process.ChildProcess._handle.onexit (internal/child_process.js:226:5)
15 verbose pkgid test-aws-lambda-s3@1.0.0
16 verbose cwd D:\work\task\Test\aws-lambda-s3\aws-lambda-s3
17 error Windows_NT 6.1.7601
18 error argv "C:\\Program Files\\nodejs\\node.exe" "C:\\Program Files\\nodejs\\node_modules\\npm\\bin\\npm-cli.js" "run" "claudia:create"
19 error node v6.9.2
20 error npm  v3.10.9
21 error code ELIFECYCLE
22 error test-aws-lambda-s3@1.0.0 claudia:create: `claudia create --name test-aws-lambda-s3 --region us-east-1 --api-module app --profile default`
22 error Exit status 1
23 error Failed at the test-aws-lambda-s3@1.0.0 claudia:create script 'claudia create --name test-aws-lambda-s3 --region us-east-1 --api-module app --profile default'.
23 error Make sure you have the latest version of node.js and npm installed.
23 error If you do, this is most likely a problem with the test-aws-lambda-s3 package,
23 error not with npm itself.
23 error Tell the author that this fails on your system:
23 error     claudia create --name test-aws-lambda-s3 --region us-east-1 --api-module app --profile default
23 error You can get information on how to open an issue for this project with:
23 error     npm bugs test-aws-lambda-s3
23 error Or if that isn't available, you can get their info via:
23 error     npm owner ls test-aws-lambda-s3
23 error There is likely additional logging output above.
24 verbose exit [ 1, true ]
